2021-08-03 21:26:53 test Logging info: TESTLOG
2021-08-03 21:26:53 test Logging error: Error
2021-08-03 21:27:32 test Logging info: TESTLOG
2021-08-03 21:27:32 test Logging error: Error
2021-08-03 21:28:49 test Logging info: TESTLOG
2021-08-03 21:28:49 test Logging error: Error
2021-08-03 21:41:17 test Logging info: TESTLOG
2021-08-03 21:41:17 test Logging error: Error
2021-08-03 21:47:47 test Logging error: -303
2021-08-03 21:47:52 test Logging error: -303
2021-08-03 21:59:22 Travlog error: -303
2021-08-03 22:04:21 Travlog info: TESTLOG
2021-08-03 22:04:21 Travlog error: Error
2021-08-03 22:06:13 Travlog info: TESTLOG
2021-08-03 22:06:13 Travlog error: Error
2021-08-03 22:06:48 Travlog info: TESTLOG
2021-08-03 22:06:48 Travlog error: Error
2021-08-03 22:06:51 Travlog error: -303
2021-08-03 22:07:54 Travlog info: TESTLOG
2021-08-03 22:07:54 Travlog error: Error
2021-08-03 22:09:00 Travlog info: TESTLOG
2021-08-03 22:09:00 Travlog error: Error
2021-08-03 22:09:19 test Logging info: TESTLOG
2021-08-03 22:09:19 test Logging error: Error
2021-08-03 22:09:42 test Logging info: TESTLOG
2021-08-03 22:09:42 test Logging error: Error
2021-08-03 22:10:17 test Logging info: TESTLOG
2021-08-03 22:10:17 test Logging error: Error
2021-08-03 22:10:37 test Logging info: TESTLOG
2021-08-03 22:10:37 test Logging error: Error
2021-08-03 22:10:48 test Logging info: TESTLOG
2021-08-03 22:10:48 test Logging error: Error
2021-08-03 22:11:17 test Logging info: TESTLOG
2021-08-03 22:11:17 test Logging error: Error
2021-08-03 22:11:31 test Logging info: TESTLOG
2021-08-03 22:11:31 test Logging error: Error
2021-08-03 22:12:06 test Logging info: TESTLOG
2021-08-03 22:12:06 test Logging error: Error
2021-08-03 22:15:10 test Logging info: TESTLOG
2021-08-03 22:15:10 test Logging error: Error
2021-08-03 22:15:40 test Logging info: TESTLOG
2021-08-03 22:15:40 test Logging error: Error
2021-08-03 22:16:50 test Logging info: TESTLOG
2021-08-03 22:16:50 test Logging error: Error
2021-08-03 22:18:33 test Logging info: TESTLOG
2021-08-03 22:18:33 test Logging error: Error
2021-08-03 22:19:09 test Logging info: TESTLOG
2021-08-03 22:19:09 test Logging error: Error
2021-08-03 22:19:46 test Logging info: TESTLOG
2021-08-03 22:19:46 test Logging error: Error
2021-08-03 22:19:59 test Logging info: TESTLOG
2021-08-03 22:19:59 test Logging error: Error
2021-08-03 22:21:40 test Logging error: -502
2021-08-03 22:21:42 test Logging error: -502
2021-08-03 22:21:42 test Logging error: -502
2021-08-03 22:21:43 test Logging error: -303
2021-08-03 22:21:44 test Logging error: -502
2021-08-03 22:21:46 test Logging error: -502
2021-08-03 22:21:48 test Logging error: -502
2021-08-03 22:21:48 test Logging error: -303
2021-08-03 22:21:48 test Logging error: -502
2021-08-03 22:21:50 test Logging error: -502
2021-08-03 22:21:52 test Logging error: -502
2021-08-03 22:21:52 test Logging error: -303
2021-08-03 22:21:52 test Logging error: -502
2021-08-03 22:21:54 test Logging error: -502
2021-08-03 22:21:56 test Logging error: -502
2021-08-03 22:21:58 test Logging error: -502
2021-08-03 22:22:00 test Logging error: -502
2021-08-03 22:22:02 test Logging error: -502
2021-08-03 22:22:04 test Logging error: -502
2021-08-03 22:22:06 test Logging error: -502
2021-08-03 22:22:08 test Logging error: -502
2021-08-03 22:22:10 test Logging error: -502
2021-08-03 22:22:12 test Logging error: -502
2021-08-03 22:22:14 test Logging error: -502
2021-08-03 22:22:16 test Logging error: -502
2021-08-03 22:22:18 test Logging error: -502
2021-08-03 22:22:20 test Logging error: -502
2021-08-03 22:22:22 test Logging error: -502
2021-08-03 22:22:24 test Logging error: -502
2021-08-03 22:22:26 test Logging error: -502
2021-08-03 22:22:28 test Logging error: -502
2021-08-03 22:22:30 test Logging error: -502
2021-08-03 22:22:32 test Logging error: -502
2021-08-03 22:22:34 test Logging error: -502
2021-08-03 22:22:36 test Logging error: -502
2021-08-03 22:22:38 test Logging error: -502
2021-08-03 22:22:41 test Logging error: -502
2021-08-03 22:22:43 test Logging error: -502
2021-08-03 22:22:45 test Logging error: -502
2021-08-03 22:22:47 test Logging error: -502
2021-08-03 22:22:49 test Logging error: -502
2021-08-03 22:22:51 test Logging error: -502
2021-08-03 22:22:53 test Logging error: -502
2021-08-03 22:22:55 test Logging error: -502
2021-08-03 22:22:57 test Logging error: -502
2021-08-03 22:22:59 test Logging error: -502
2021-08-03 22:23:01 test Logging error: -502
2021-08-03 22:23:03 test Logging error: -502
2021-08-03 22:23:05 test Logging error: -502
2021-08-03 22:23:07 test Logging error: -502
2021-08-03 22:23:09 test Logging error: -502
2021-08-03 22:23:11 test Logging error: -502
2021-08-03 22:23:20 test Logging error: -502
2021-08-03 22:23:22 test Logging error: -502
2021-08-03 22:23:24 test Logging error: -502
2021-08-03 22:23:26 test Logging error: -502
2021-08-03 22:23:34 test Logging error: -502
2021-08-03 22:23:36 test Logging error: -502
2021-08-03 22:23:37 test Logging error: -502
2021-08-03 22:23:37 test Logging error: -303
2021-08-03 22:23:39 test Logging error: -502
2021-08-03 22:23:39 test Logging error: -502
2021-08-03 22:23:39 test Logging error: -303
2021-08-03 22:23:39 test Logging error: -502
2021-08-03 22:23:39 test Logging error: -303
2021-08-03 22:23:39 test Logging error: -502
2021-08-03 22:23:39 test Logging error: -303
2021-08-03 22:23:41 test Logging error: -502
2021-08-03 22:23:43 test Logging error: -502
2021-08-03 22:23:45 test Logging error: -502
2021-08-03 22:23:47 test Logging error: -502
2021-08-03 22:23:49 test Logging error: -502
2021-08-03 22:23:51 test Logging error: -502
2021-08-03 22:23:53 test Logging error: -502
2021-08-03 22:24:01 test Logging error: -502
2021-08-03 22:24:03 test Logging error: -502
2021-08-03 22:24:05 test Logging error: -502
2021-08-03 22:24:07 test Logging error: -502
2021-08-03 22:24:09 test Logging error: -502
2021-08-03 22:24:11 test Logging error: -502
2021-08-03 22:24:13 test Logging error: -502
2021-08-03 22:24:15 test Logging error: -502
2021-08-03 22:24:17 test Logging error: -502
2021-08-03 22:24:19 test Logging error: -502
2021-08-03 22:24:28 test Logging error: -502
2021-08-03 22:24:30 test Logging error: -502
2021-08-03 22:24:32 test Logging error: -502
2021-08-03 22:24:32 test Logging error: -502
2021-08-03 22:24:33 test Logging error: -303
2021-08-03 22:24:34 test Logging error: -502
2021-08-03 22:24:36 test Logging error: -502
2021-08-03 22:24:38 test Logging error: -502
2021-08-03 22:24:40 test Logging error: -502
2021-08-03 22:24:42 test Logging error: -502
2021-08-03 22:24:44 test Logging error: -502
2021-08-03 22:24:46 test Logging error: -502
2021-08-03 22:24:48 test Logging error: -502
2021-08-03 22:24:56 test Logging error: -502
2021-08-03 22:24:58 test Logging error: -502
2021-08-03 22:25:00 test Logging error: -502
2021-08-03 22:25:02 test Logging error: -502
2021-08-03 22:25:04 test Logging error: -502
2021-08-03 22:25:06 test Logging error: -502
2021-08-03 22:25:08 test Logging error: -502
2021-08-03 22:25:17 test Logging error: -502
2021-08-03 22:25:19 test Logging error: -502
2021-08-03 22:25:21 test Logging error: -502
2021-08-03 22:25:23 test Logging error: -502
2021-08-03 22:25:25 test Logging error: -502
2021-08-03 22:25:37 test Logging error: -502
2021-08-03 22:25:39 test Logging error: -502
2021-08-03 22:25:41 test Logging error: -502
2021-08-03 22:25:43 test Logging error: -502
2021-08-03 22:25:45 test Logging error: -502
2021-08-03 22:25:47 test Logging error: -502
2021-08-03 22:25:49 test Logging error: -502
2021-08-03 22:25:51 test Logging error: -502
2021-08-03 22:25:53 test Logging error: -502
2021-08-03 22:26:03 test Logging error: -502
2021-08-03 22:26:04 test Logging error: -502
2021-08-03 22:26:06 test Logging error: -502
2021-08-03 22:26:08 test Logging error: -502
2021-08-03 22:26:10 test Logging error: -502
2021-08-03 22:26:13 test Logging error: -502
2021-08-03 22:26:15 test Logging error: -502
2021-08-03 22:26:17 test Logging error: -502
2021-08-03 22:26:19 test Logging error: -502
2021-08-03 22:26:21 test Logging error: -502
2021-08-03 22:26:23 test Logging error: -502
2021-08-03 22:26:25 test Logging error: -502
2021-08-03 22:26:27 test Logging error: -502
2021-08-03 22:26:29 test Logging error: -502
2021-08-03 22:26:31 test Logging error: -502
2021-08-03 22:26:33 test Logging error: -502
2021-08-03 22:26:35 test Logging error: -502
2021-08-03 22:26:37 test Logging error: -502
2021-08-03 22:26:39 test Logging error: -502
2021-08-03 22:26:41 test Logging error: -502
2021-08-03 22:26:57 test Logging error: -502
2021-08-03 22:26:59 test Logging error: -502
2021-08-03 22:27:01 test Logging error: -502
2021-08-03 22:27:03 test Logging error: -502
2021-08-03 22:27:05 test Logging error: -502
2021-08-03 22:27:07 test Logging error: -502
2021-08-03 22:27:19 test Logging error: -502
2021-08-03 22:27:19 test Logging error: -502
2021-08-03 22:27:21 test Logging error: -502
2021-08-03 22:27:23 test Logging error: -502
2021-08-03 22:27:25 test Logging error: -502
2021-08-03 22:27:27 test Logging error: -502
2021-08-03 22:27:29 test Logging error: -502
2021-08-03 22:27:31 test Logging error: -502
2021-08-03 22:27:33 test Logging error: -502
2021-08-03 22:27:35 test Logging error: -502
2021-08-03 22:27:37 test Logging error: -502
2021-08-03 22:27:39 test Logging error: -502
2021-08-03 22:27:41 test Logging error: -502
2021-08-03 22:27:43 test Logging error: -502
2021-08-03 22:27:48 test Logging error: -502
2021-08-03 22:27:50 test Logging error: -502
2021-08-03 22:27:50 test Logging error: -502
2021-08-03 22:27:50 test Logging error: -303
2021-08-03 22:27:52 test Logging error: -502
2021-08-03 22:27:53 test Logging error: -502
2021-08-03 22:27:54 test Logging error: -502
2021-08-03 22:27:54 test Logging error: -502
2021-08-03 22:27:55 test Logging error: -502
2021-08-03 22:27:56 test Logging error: -502
2021-08-03 22:27:58 test Logging error: -502
2021-08-03 22:28:00 test Logging error: -502
2021-08-03 22:28:02 test Logging error: -502
2021-08-03 22:28:02 test Logging error: -502
2021-08-03 22:28:03 test Logging error: -502
2021-08-03 22:28:03 test Logging error: -502
2021-08-03 22:28:03 test Logging error: -502
2021-08-03 22:28:04 test Logging error: -502
2021-08-03 22:28:06 test Logging error: -502
2021-08-03 22:28:08 test Logging error: -502
2021-08-03 22:28:10 test Logging error: -502
2021-08-03 22:28:12 test Logging error: -502
2021-08-03 22:28:14 test Logging error: -502
2021-08-03 22:28:16 test Logging error: -502
2021-08-03 22:28:18 test Logging error: -502
2021-08-03 22:28:20 test Logging error: -502
2021-08-03 22:28:22 test Logging error: -502
2021-08-03 22:28:24 test Logging error: -502
2021-08-03 22:28:26 test Logging error: -502
2021-08-03 22:28:28 test Logging error: -502
2021-08-03 22:28:30 test Logging error: -502
2021-08-03 22:28:32 test Logging error: -502
2021-08-03 22:28:37 test Logging error: -502
2021-08-03 22:29:19 test Logging error: -502
2021-08-03 22:29:20 test Logging error: -502
2021-08-03 22:29:22 test Logging error: -502
2021-08-03 22:29:24 test Logging error: -502
2021-08-03 22:29:26 test Logging error: -502
2021-08-03 22:29:28 test Logging error: -502
2021-08-03 22:29:30 test Logging error: -502
2021-08-03 22:29:32 test Logging error: -502
2021-08-03 22:29:34 test Logging error: -502
2021-08-03 22:29:36 test Logging error: -502
2021-08-03 22:29:38 test Logging error: -502
2021-08-03 22:29:40 test Logging error: -502
2021-08-03 22:29:42 test Logging error: -502
2021-08-03 22:29:44 test Logging error: -502
2021-08-03 22:29:46 test Logging error: -502
2021-08-03 22:29:48 test Logging error: -502
2021-08-03 22:29:50 test Logging error: -502
2021-08-03 22:29:52 test Logging error: -502
2021-08-03 22:29:54 test Logging error: -502
2021-08-03 22:29:56 test Logging error: -502
2021-08-03 22:29:58 test Logging error: -502
2021-08-03 22:30:01 test Logging error: -502
2021-08-03 22:30:03 test Logging error: -502
2021-08-03 22:30:05 test Logging error: -502
2021-08-03 22:31:00 test Logging error: -502
2021-08-03 22:31:00 test Logging error: -502
2021-08-03 22:31:02 test Logging error: -502
2021-08-03 22:31:04 test Logging error: -502
2021-08-03 22:31:06 test Logging error: -502
2021-08-03 22:31:08 test Logging error: -502
2021-08-03 22:31:10 test Logging error: -502
2021-08-03 22:31:12 test Logging error: -502
2021-08-03 22:34:16 test Logging error: -502
2021-08-03 22:37:35 test Logging error: -502
2021-08-03 22:37:37 test Logging error: -502
2021-08-03 22:37:39 test Logging error: -502
2021-08-03 22:37:41 test Logging error: -502
2021-08-03 22:37:43 test Logging error: -502
2021-08-03 22:37:45 test Logging error: -502
2021-08-03 22:37:48 test Logging error: -502
2021-08-03 22:37:50 test Logging error: -502
2021-08-03 22:37:52 test Logging error: -502
2021-08-03 22:37:54 test Logging error: -502
2021-08-03 22:37:56 test Logging error: -502
2021-08-03 22:37:58 test Logging error: -502
2021-08-03 22:38:00 test Logging error: -502
2021-08-03 22:38:02 test Logging error: -502
2021-08-03 22:38:04 test Logging error: -502
2021-08-03 22:38:06 test Logging error: -502
2021-08-03 22:38:08 test Logging error: -502
2021-08-03 22:38:10 test Logging error: -502
2021-08-03 22:38:12 test Logging error: -502
2021-08-03 22:38:14 test Logging error: -502
2021-08-03 22:38:16 test Logging error: -502
2021-08-03 22:38:18 test Logging error: -502
2021-08-03 22:38:20 test Logging error: -502
2021-08-03 22:38:22 test Logging error: -502
2021-08-03 22:38:24 test Logging error: -502
2021-08-03 22:38:26 test Logging error: -502
2021-08-03 22:38:28 test Logging error: -502
2021-08-03 22:38:30 test Logging error: -502
2021-08-03 22:38:32 test Logging error: -502
2021-08-03 22:38:32 test Logging error: -502
2021-08-03 22:38:34 test Logging error: -502
2021-08-03 22:38:36 test Logging error: -502
2021-08-03 22:38:42 test Logging error: -502
2021-08-03 22:44:37 test Logging error: -502
2021-08-03 22:44:37 test Logging error: -502
2021-08-03 22:44:39 test Logging error: -502
2021-08-03 22:44:41 test Logging error: -502
2021-08-03 22:44:43 test Logging error: -502
2021-08-03 22:44:45 test Logging error: -502
2021-08-03 22:44:47 test Logging error: -502
2021-08-03 22:44:49 test Logging error: -502
2021-08-03 22:44:51 test Logging error: -502
2021-08-03 22:44:53 test Logging error: -502
2021-08-03 22:44:55 test Logging error: -502
2021-08-03 22:44:57 test Logging error: -502
2021-08-03 22:44:59 test Logging error: -502
2021-08-03 22:45:01 test Logging error: -502
2021-08-03 22:45:03 test Logging error: -502
2021-08-03 22:45:05 test Logging error: -502
2021-08-03 22:45:07 test Logging error: -502
2021-08-03 22:45:09 test Logging error: -502
2021-08-03 22:45:11 test Logging error: -502
2021-08-03 22:45:13 test Logging error: -502
2021-08-03 22:45:15 test Logging error: -502
2021-08-03 22:45:17 test Logging error: -502
2021-08-03 22:45:19 test Logging error: -502
2021-08-03 22:45:21 test Logging error: -502
2021-08-03 22:45:23 test Logging error: -502
2021-08-03 22:45:26 test Logging error: -502
2021-08-03 22:45:28 test Logging error: -502
2021-08-03 22:45:30 test Logging error: -502
2021-08-03 22:45:32 test Logging error: -502
2021-08-03 22:45:34 test Logging error: -502
2021-08-03 22:45:36 test Logging error: -502
2021-08-03 22:45:38 test Logging error: -502
2021-08-03 22:45:40 test Logging error: -502
2021-08-03 22:45:42 test Logging error: -502
2021-08-03 22:45:44 test Logging error: -502
2021-08-03 22:45:46 test Logging error: -502
2021-08-03 22:45:48 test Logging error: -502
